c:\users\amadeus\documents\github\evolvable\sdl\evolvable\x64\debug\vc143.pdb
c:\users\amadeus\documents\github\evolvable\sdl\evolvable\x64\debug\vc143.idb
c:\users\user\documents\github\evolvable\sdl\evolvable\x64\debug\vc143.pdb
c:\users\user\documents\github\evolvable\sdl\evolvable\x64\debug\vc143.idb
c:\users\user\documents\github\evolvable\sdl\evolvable\x64\debug\player.obj
c:\users\user\documents\github\evolvable\sdl\evolvable\x64\debug\map.obj
c:\users\user\documents\github\evolvable\sdl\evolvable\x64\debug\bullet.obj
c:\users\user\documents\github\evolvable\sdl\evolvable\x64\debug\object.obj
c:\users\user\documents\github\evolvable\sdl\evolvable\x64\debug\main.obj
c:\users\user\documents\github\evolvable\sdl\evolvable\x64\debug\input.obj
c:\users\user\documents\github\evolvable\sdl\evolvable\x64\debug\game.obj
c:\users\user\documents\github\evolvable\sdl\evolvable\x64\debug\draw.obj
c:\users\user\documents\github\evolvable\sdl\evolvable\x64\debug\box.obj
c:\users\user\documents\github\evolvable\sdl\evolvable\x64\debug\ui.obj
c:\users\user\documents\github\evolvable\sdl\x64\debug\evolvable.exe
c:\users\user\documents\github\evolvable\sdl\evolvable\x64\debug\evolvable.ilk
c:\users\user\documents\github\evolvable\sdl\x64\debug\evolvable.pdb
c:\users\user\documents\github\evolvable\sdl\evolvable\x64\debug\init.obj
c:\users\user\documents\github\evolvable\sdl\evolvable\x64\debug\box.obj.enc
c:\users\user\documents\github\evolvable\sdl\evolvable\x64\debug\player.obj.enc
c:\users\user\documents\github\evolvable\sdl\evolvable\x64\debug\evolvable.tlog\cl.command.1.tlog
c:\users\user\documents\github\evolvable\sdl\evolvable\x64\debug\evolvable.tlog\cl.read.1.tlog
c:\users\user\documents\github\evolvable\sdl\evolvable\x64\debug\evolvable.tlog\cl.write.1.tlog
c:\users\user\documents\github\evolvable\sdl\evolvable\x64\debug\evolvable.tlog\link.command.1.tlog
c:\users\user\documents\github\evolvable\sdl\evolvable\x64\debug\evolvable.tlog\link.read.1.tlog
c:\users\user\documents\github\evolvable\sdl\evolvable\x64\debug\evolvable.tlog\link.write.1.tlog
